JOB130 | 29/01/2015 | 17:27:25 | oracle | ORA-028 | Realizando restauraci贸n del respaldo... | restore_backup_full_oracle.sh | ORA-RF-01

Recovery Manager: Release 11.2.0.1.0 - Production on Thu Jan 29 17:27:26 2015

Copyright (c) 1982, 2009, Oracle and/or its affiliates.  All rights reserved.

connected to target database: PRODUCCI (DBID=3688939454)

RMAN> 
using target database control file instead of recovery catalog
specification does not match any backup in the repository

RMAN> 

Recovery Manager complete.

Recovery Manager: Release 11.2.0.1.0 - Production on Thu Jan 29 17:27:33 2015

Copyright (c) 1982, 2009, Oracle and/or its affiliates.  All rights reserved.

connected to target database: PRODUCCI (DBID=3688939454)

RMAN> 
using target database control file instead of recovery catalog
allocated channel: ORA_DISK_1
channel ORA_DISK_1: SID=54 device type=DISK
specification does not match any archived log in the repository

RMAN> 
database closed
database dismounted
Oracle instance shut down

RMAN> 
executing command: SET DBID

RMAN> 
connected to target database (not started)
Oracle instance started

Total System Global Area    6547296256 bytes

Fixed Size                     2213856 bytes
Variable Size               5167384608 bytes
Database Buffers            1342177280 bytes
Redo Buffers                  35520512 bytes

RMAN> 
Starting restore at 29-JAN-15
allocated channel: ORA_DISK_1
channel ORA_DISK_1: SID=253 device type=DISK

channel ORA_DISK_1: restoring control file
channel ORA_DISK_1: restore complete, elapsed time: 00:00:01
output file name=/u01/app/oracle/oradata/PRODUCCION/controlfile/o1_mf_b3lgtgr5_.ctl
output file name=/u01/app/oracle/flash_recovery_area/PRODUCCION/controlfile/o1_mf_b3lgtgs0_.ctl
Finished restore at 29-JAN-15

RMAN> 
database is already started
database mounted
released channel: ORA_DISK_1

RMAN> 
allocated channel: ORA_DISK_1
channel ORA_DISK_1: SID=253 device type=DISK
crosschecked backup piece: found to be 'EXPIRED'
backup piece handle=/u01/app/oracle/flash_recovery_area/PRODUCCION/backupset/2015_02_13/o1_mf_nnnd0_TAG20150213T131004_bfwm0ddf_.bkp RECID=169 STAMP=871564204
crosschecked backup piece: found to be 'EXPIRED'
backup piece handle=/u01/app/oracle/flash_recovery_area/PRODUCCION/backupset/2015_02_13/o1_mf_ncsn0_TAG20150213T131004_bfwm0whd_.bkp RECID=170 STAMP=871564220
crosschecked backup piece: found to be 'AVAILABLE'
backup piece handle=/u01/app/oracle/flash_recovery_area/PRODUCCION/backupset/2015_02_13/o1_mf_nnnd0_TAG20150213T131022_bfwm0yyx_.bkp RECID=171 STAMP=871564222
Crosschecked 3 objects


RMAN> 
Starting restore at 29-JAN-15
using channel ORA_DISK_1

channel ORA_DISK_1: starting validation of datafile backup set
channel ORA_DISK_1: reading from backup piece /u01/app/oracle/flash_recovery_area/PRODUCCION/backupset/2015_02_13/o1_mf_nnnd0_TAG20150213T131022_bfwm0yyx_.bkp
channel ORA_DISK_1: piece handle=/u01/app/oracle/flash_recovery_area/PRODUCCION/backupset/2015_02_13/o1_mf_nnnd0_TAG20150213T131022_bfwm0yyx_.bkp tag=TAG20150213T131022
channel ORA_DISK_1: restored backup piece 1
channel ORA_DISK_1: validation complete, elapsed time: 00:01:45
Finished restore at 29-JAN-15

RMAN> 
Starting restore at 29-JAN-15
using channel ORA_DISK_1

channel ORA_DISK_1: starting datafile backup set restore
channel ORA_DISK_1: specifying datafile(s) to restore from backup set
channel ORA_DISK_1: restoring datafile 00001 to /u01/app/oracle/oradata/PRODUCCION/datafile/o1_mf_system_b3lgrmx4_.dbf
channel ORA_DISK_1: restoring datafile 00002 to /u01/app/oracle/oradata/PRODUCCION/datafile/o1_mf_sysaux_b3lgrmxw_.dbf
channel ORA_DISK_1: restoring datafile 00003 to /u01/app/oracle/oradata/PRODUCCION/datafile/o1_mf_undotbs1_b3lgrmy0_.dbf
channel ORA_DISK_1: restoring datafile 00004 to /u01/app/oracle/oradata/PRODUCCION/datafile/o1_mf_users_b3lgrmym_.dbf
channel ORA_DISK_1: restoring datafile 00005 to /u01/app/oracle/oradata/produccion/PAGOSIFREM_DATA.dbf
channel ORA_DISK_1: reading from backup piece /u01/app/oracle/flash_recovery_area/PRODUCCION/backupset/2015_02_13/o1_mf_nnnd0_TAG20150213T131022_bfwm0yyx_.bkp
channel ORA_DISK_1: piece handle=/u01/app/oracle/flash_recovery_area/PRODUCCION/backupset/2015_02_13/o1_mf_nnnd0_TAG20150213T131022_bfwm0yyx_.bkp tag=TAG20150213T131022
channel ORA_DISK_1: restored backup piece 1
channel ORA_DISK_1: restore complete, elapsed time: 00:01:37
Finished restore at 29-JAN-15

RMAN> 
Starting recover at 29-JAN-15
using channel ORA_DISK_1

starting media recovery

unable to find archived log
archived log thread=1 sequence=1444
RMAN-00571: ===========================================================
RMAN-00569: =============== ERROR MESSAGE STACK FOLLOWS ===============
RMAN-00571: ===========================================================
RMAN-03002: failure of recover command at 01/29/2015 17:31:29
RMAN-06054: media recovery requesting unknown archived log for thread 1 with sequence 1444 and starting SCN of 5307631740

RMAN> 
database opened

RMAN> 

Recovery Manager complete.

JOB130 | 29/01/2015 | 17:31:46 | oracle | ORA-025 | Finaliz贸 exitosamente la restauraci贸n del respaldo completo. | restore_backup_full_oracle.sh | ORA-RF-01

JOB130 | 29/01/2015 | 17:31:46 | oracle | ORA-000 | Se complet贸 exitosamente el proceso. | restore_backup_full_oracle.sh |ORA-RF-01
EXIT_CODE=0
