JOB164 | 04/07/2015 | 23:20:58 | oracle | ORA-021 | Finalizó la configuración de los archivos del script. | create_backup_full_oracle.sh | ORA-BF-06
JOB164 | 04/07/2015 | 23:20:58 | oracle | ORA-009 | Iniciando el respaldo completo... | Backup_0.sh | ORA-BI-05

Recovery Manager: Release 11.2.0.1.0 - Production on Sat Jul 4 23:20:58 2015

Copyright (c) 1982, 2009, Oracle and/or its affiliates.  All rights reserved.

connected to target database: PRODUCCI (DBID=3688939454)

RMAN> 
using target database control file instead of recovery catalog

List of Backup Sets
===================


BS Key  Type LV Size       Device Type Elapsed Time Completion Time
------- ---- -- ---------- ----------- ------------ ---------------
1       Incr 0  9.95M      DISK        00:00:01     04-JUL-15      
        BP Key: 1   Status: AVAILABLE  Compressed: NO  Tag: TAG20150704T204701
        Piece Name: /u01/app/oracle/flash_recovery_area/PRODUCCION/backupset/2015_07_04/o1_mf_ncsn0_TAG20150704T204701_bsk35hsd_.bkp
  SPFILE Included: Modification time: 04-MAY-15
  SPFILE db_unique_name: PRODUCCION
  Control File Included: Ckp SCN: 49258443     Ckp time: 04-JUL-15

BS Key  Size       Device Type Elapsed Time Completion Time
------- ---------- ----------- ------------ ---------------
2       592.69M    DISK        00:00:03     04-JUL-15      
        BP Key: 2   Status: AVAILABLE  Compressed: NO  Tag: TAG20150704T204730
        Piece Name: /u01/app/oracle/flash_recovery_area/PRODUCCION/backupset/2015_07_04/o1_mf_annnn_TAG20150704T204730_bsk35lqh_.bkp

  List of Archived Logs in backup set 2
  Thrd Seq     Low SCN    Low Time  Next SCN   Next Time
  ---- ------- ---------- --------- ---------- ---------
  1    3481    48344461   30-JUN-15 48359103   30-JUN-15
  1    3482    48359103   30-JUN-15 48373502   30-JUN-15
  1    3483    48373502   30-JUN-15 48386553   30-JUN-15
  1    3484    48386553   30-JUN-15 48401330   30-JUN-15
  1    3485    48401330   30-JUN-15 48414508   30-JUN-15
  1    3486    48414508   30-JUN-15 48427578   30-JUN-15
  1    3487    48427578   30-JUN-15 48437359   30-JUN-15
  1    3488    48437359   30-JUN-15 48449342   30-JUN-15
  1    3489    48449342   30-JUN-15 48460954   30-JUN-15
  1    3490    48460954   30-JUN-15 48479952   30-JUN-15
  1    3491    48479952   30-JUN-15 48482641   30-JUN-15
  1    3492    48482641   30-JUN-15 48487363   30-JUN-15
  1    3493    48487363   30-JUN-15 48488575   30-JUN-15
  1    3494    48488575   30-JUN-15 48491550   30-JUN-15
  1    3495    48491550   30-JUN-15 48498767   30-JUN-15
  1    3496    48498767   30-JUN-15 48510398   01-JUL-15
  1    3497    48510398   01-JUL-15 48521202   01-JUL-15
  1    3498    48521202   01-JUL-15 48532185   01-JUL-15
  1    3499    48532185   01-JUL-15 48543416   01-JUL-15
  1    3500    48543416   01-JUL-15 48555131   01-JUL-15
  1    3501    48555131   01-JUL-15 48568340   01-JUL-15
  1    3502    48568340   01-JUL-15 48580639   01-JUL-15
  1    3503    48580639   01-JUL-15 48593091   01-JUL-15
  1    3504    48593091   01-JUL-15 48606258   01-JUL-15
  1    3505    48606258   01-JUL-15 48621513   01-JUL-15
  1    3506    48621513   01-JUL-15 48635068   01-JUL-15
  1    3507    48635068   01-JUL-15 48652802   01-JUL-15
  1    3508    48652802   01-JUL-15 48681189   01-JUL-15
  1    3509    48681189   01-JUL-15 48684502   01-JUL-15
  1    3510    48684502   01-JUL-15 48689112   01-JUL-15
  1    3511    48689112   01-JUL-15 48691910   01-JUL-15
  1    3512    48691910   01-JUL-15 48694638   01-JUL-15
  1    3513    48694638   01-JUL-15 48706403   02-JUL-15
  1    3514    48706403   02-JUL-15 48725269   02-JUL-15
  1    3515    48725269   02-JUL-15 48744187   02-JUL-15

BS Key  Size       Device Type Elapsed Time Completion Time
------- ---------- ----------- ------------ ---------------
3       591.14M    DISK        00:00:03     04-JUL-15      
        BP Key: 3   Status: AVAILABLE  Compressed: NO  Tag: TAG20150704T204730
        Piece Name: /u01/app/oracle/flash_recovery_area/PRODUCCION/backupset/2015_07_04/o1_mf_annnn_TAG20150704T204730_bsk35tjt_.bkp

  List of Archived Logs in backup set 3
  Thrd Seq     Low SCN    Low Time  Next SCN   Next Time
  ---- ------- ---------- --------- ---------- ---------
  1    3516    48744187   02-JUL-15 48763928   02-JUL-15
  1    3517    48763928   02-JUL-15 48783107   02-JUL-15
  1    3518    48783107   02-JUL-15 48800163   02-JUL-15
  1    3519    48800163   02-JUL-15 48818657   02-JUL-15
  1    3520    48818657   02-JUL-15 48836264   02-JUL-15
  1    3521    48836264   02-JUL-15 48852775   02-JUL-15
  1    3522    48852775   02-JUL-15 48870856   02-JUL-15
  1    3523    48870856   02-JUL-15 48893967   02-JUL-15
  1    3524    48893967   02-JUL-15 48896996   02-JUL-15
  1    3525    48896996   02-JUL-15 48902824   02-JUL-15
  1    3526    48902824   02-JUL-15 48905355   02-JUL-15
  1    3527    48905355   02-JUL-15 48917614   03-JUL-15
  1    3528    48917614   03-JUL-15 48937324   03-JUL-15
  1    3529    48937324   03-JUL-15 48954628   03-JUL-15
  1    3530    48954628   03-JUL-15 48973656   03-JUL-15
  1    3531    48973656   03-JUL-15 48990858   03-JUL-15
  1    3532    48990858   03-JUL-15 49009446   03-JUL-15
  1    3533    49009446   03-JUL-15 49028017   03-JUL-15
  1    3534    49028017   03-JUL-15 49046062   03-JUL-15
  1    3535    49046062   03-JUL-15 49064867   03-JUL-15
  1    3536    49064867   03-JUL-15 49085203   03-JUL-15
  1    3537    49085203   03-JUL-15 49088665   03-JUL-15
  1    3538    49088665   03-JUL-15 49093902   03-JUL-15
  1    3539    49093902   03-JUL-15 49095691   03-JUL-15
  1    3540    49095691   03-JUL-15 49109213   04-JUL-15
  1    3541    49109213   04-JUL-15 49128881   04-JUL-15
  1    3542    49128881   04-JUL-15 49155194   04-JUL-15
  1    3543    49155194   04-JUL-15 49157997   04-JUL-15
  1    3544    49157997   04-JUL-15 49170230   04-JUL-15
  1    3545    49170230   04-JUL-15 49187785   04-JUL-15
  1    3546    49187785   04-JUL-15 49205796   04-JUL-15
  1    3547    49205796   04-JUL-15 49230897   04-JUL-15
  1    3548    49230897   04-JUL-15 49253641   04-JUL-15
  1    3549    49253641   04-JUL-15 49258457   04-JUL-15

BS Key  Type LV Size       Device Type Elapsed Time Completion Time
------- ---- -- ---------- ----------- ------------ ---------------
4       Incr 0  9.95M      DISK        00:00:01     04-JUL-15      
        BP Key: 4   Status: AVAILABLE  Compressed: NO  Tag: TAG20150704T213236
        Piece Name: /u01/app/oracle/flash_recovery_area/PRODUCCION/backupset/2015_07_04/o1_mf_ncsn0_TAG20150704T213236_bsk5tnvw_.bkp
  SPFILE Included: Modification time: 04-MAY-15
  SPFILE db_unique_name: PRODUCCION
  Control File Included: Ckp SCN: 49260772     Ckp time: 04-JUL-15

BS Key  Type LV Size       Device Type Elapsed Time Completion Time
------- ---- -- ---------- ----------- ------------ ---------------
5       Incr 0  9.95M      DISK        00:00:01     04-JUL-15      
        BP Key: 5   Status: AVAILABLE  Compressed: NO  Tag: TAG20150704T213255
        Piece Name: /u01/app/oracle/flash_recovery_area/PRODUCCION/backupset/2015_07_04/o1_mf_ncsn0_TAG20150704T213255_bsk5v7h5_.bkp
  SPFILE Included: Modification time: 04-MAY-15
  SPFILE db_unique_name: PRODUCCION
  Control File Included: Ckp SCN: 49260856     Ckp time: 04-JUL-15

BS Key  Type LV Size       Device Type Elapsed Time Completion Time
------- ---- -- ---------- ----------- ------------ ---------------
6       Incr 0  9.95M      DISK        00:00:01     04-JUL-15      
        BP Key: 6   Status: AVAILABLE  Compressed: NO  Tag: TAG20150704T213913
        Piece Name: /u01/app/oracle/flash_recovery_area/PRODUCCION/backupset/2015_07_04/o1_mf_ncsn0_TAG20150704T213913_bsk671cs_.bkp
  SPFILE Included: Modification time: 04-MAY-15
  SPFILE db_unique_name: PRODUCCION
  Control File Included: Ckp SCN: 49261190     Ckp time: 04-JUL-15

BS Key  Type LV Size       Device Type Elapsed Time Completion Time
------- ---- -- ---------- ----------- ------------ ---------------
7       Incr 0  9.95M      DISK        00:00:02     04-JUL-15      
        BP Key: 7   Status: AVAILABLE  Compressed: NO  Tag: TAG20150704T213931
        Piece Name: /u01/app/oracle/flash_recovery_area/PRODUCCION/backupset/2015_07_04/o1_mf_ncsn0_TAG20150704T213931_bsk67my3_.bkp
  SPFILE Included: Modification time: 04-MAY-15
  SPFILE db_unique_name: PRODUCCION
  Control File Included: Ckp SCN: 49261279     Ckp time: 04-JUL-15

BS Key  Type LV Size       Device Type Elapsed Time Completion Time
------- ---- -- ---------- ----------- ------------ ---------------
8       Incr 0  9.95M      DISK        00:00:02     04-JUL-15      
        BP Key: 8   Status: AVAILABLE  Compressed: NO  Tag: TAG20150704T220457
        Piece Name: /u01/app/oracle/flash_recovery_area/PRODUCCION/backupset/2015_07_04/o1_mf_ncsn0_TAG20150704T220457_bsk7q9xj_.bkp
  SPFILE Included: Modification time: 04-MAY-15
  SPFILE db_unique_name: PRODUCCION
  Control File Included: Ckp SCN: 49262701     Ckp time: 04-JUL-15

BS Key  Type LV Size       Device Type Elapsed Time Completion Time
------- ---- -- ---------- ----------- ------------ ---------------
9       Incr 0  9.95M      DISK        00:00:01     04-JUL-15      
        BP Key: 9   Status: AVAILABLE  Compressed: NO  Tag: TAG20150704T220516
        Piece Name: /u01/app/oracle/flash_recovery_area/PRODUCCION/backupset/2015_07_04/o1_mf_ncsn0_TAG20150704T220516_bsk7qwj7_.bkp
  SPFILE Included: Modification time: 04-MAY-15
  SPFILE db_unique_name: PRODUCCION
  Control File Included: Ckp SCN: 49262787     Ckp time: 04-JUL-15

BS Key  Type LV Size       Device Type Elapsed Time Completion Time
------- ---- -- ---------- ----------- ------------ ---------------
10      Incr 0  9.95M      DISK        00:00:01     04-JUL-15      
        BP Key: 10   Status: AVAILABLE  Compressed: NO  Tag: TAG20150704T221031
        Piece Name: /u01/app/oracle/flash_recovery_area/PRODUCCION/backupset/2015_07_04/o1_mf_ncsn0_TAG20150704T221031_bsk81qfl_.bkp
  SPFILE Included: Modification time: 04-MAY-15
  SPFILE db_unique_name: PRODUCCION
  Control File Included: Ckp SCN: 49274827     Ckp time: 04-JUL-15

BS Key  Type LV Size       Device Type Elapsed Time Completion Time
------- ---- -- ---------- ----------- ------------ ---------------
11      Incr 0  9.95M      DISK        00:00:01     04-JUL-15      
        BP Key: 11   Status: AVAILABLE  Compressed: NO  Tag: TAG20150704T221049
        Piece Name: /u01/app/oracle/flash_recovery_area/PRODUCCION/backupset/2015_07_04/o1_mf_ncsn0_TAG20150704T221049_bsk82b0w_.bkp
  SPFILE Included: Modification time: 04-MAY-15
  SPFILE db_unique_name: PRODUCCION
  Control File Included: Ckp SCN: 49274912     Ckp time: 04-JUL-15

BS Key  Type LV Size       Device Type Elapsed Time Completion Time
------- ---- -- ---------- ----------- ------------ ---------------
12      Incr 0  9.95M      DISK        00:00:01     04-JUL-15      
        BP Key: 12   Status: AVAILABLE  Compressed: NO  Tag: TAG20150704T223008
        Piece Name: /u01/app/oracle/flash_recovery_area/PRODUCCION/backupset/2015_07_04/o1_mf_ncsn0_TAG20150704T223008_bsk96jl6_.bkp
  SPFILE Included: Modification time: 04-MAY-15
  SPFILE db_unique_name: PRODUCCION
  Control File Included: Ckp SCN: 49275770     Ckp time: 04-JUL-15

BS Key  Type LV Size       Device Type Elapsed Time Completion Time
------- ---- -- ---------- ----------- ------------ ---------------
13      Incr 0  9.95M      DISK        00:00:01     04-JUL-15      
        BP Key: 13   Status: AVAILABLE  Compressed: NO  Tag: TAG20150704T223026
        Piece Name: /u01/app/oracle/flash_recovery_area/PRODUCCION/backupset/2015_07_04/o1_mf_ncsn0_TAG20150704T223026_bsk9734t_.bkp
  SPFILE Included: Modification time: 04-MAY-15
  SPFILE db_unique_name: PRODUCCION
  Control File Included: Ckp SCN: 49275859     Ckp time: 04-JUL-15

RMAN> 

Recovery Manager complete.

Recovery Manager: Release 11.2.0.1.0 - Production on Sat Jul 4 23:20:59 2015

Copyright (c) 1982, 2009, Oracle and/or its affiliates.  All rights reserved.

connected to target database: PRODUCCI (DBID=3688939454)

RMAN> 
Starting backup at 04-JUL-15
using target database control file instead of recovery catalog
allocated channel: ORA_DISK_1
channel ORA_DISK_1: SID=335 device type=DISK
channel ORA_DISK_1: starting incremental level 0 datafile backup set
channel ORA_DISK_1: specifying datafile(s) in backup set
input datafile file number=00005 name=/u01/app/oracle/oradata/produccion/PAGOSIFREM_DATA.dbf
input datafile file number=00001 name=/u01/app/oracle/oradata/PRODUCCION/datafile/o1_mf_system_b3lgrmx4_.dbf
input datafile file number=00002 name=/u01/app/oracle/oradata/PRODUCCION/datafile/o1_mf_sysaux_b3lgrmxw_.dbf
input datafile file number=00003 name=/u01/app/oracle/oradata/PRODUCCION/datafile/o1_mf_undotbs1_b3lgrmy0_.dbf
input datafile file number=00004 name=/u01/app/oracle/oradata/PRODUCCION/datafile/o1_mf_users_b3lgrmym_.dbf
channel ORA_DISK_1: starting piece 1 at 04-JUL-15
RMAN-03009: failure of backup command on ORA_DISK_1 channel at 07/04/2015 23:21:15
ORA-19566: se ha excedido el limite de 0 bloques corruptos para el archivo /u01/app/oracle/oradata/PRODUCCION/datafile/o1_mf_system_b3lgrmx4_.dbf
continuing other job steps, job failed will not be re-run
channel ORA_DISK_1: starting incremental level 0 datafile backup set
channel ORA_DISK_1: specifying datafile(s) in backup set
including current control file in backup set
including current SPFILE in backup set
channel ORA_DISK_1: starting piece 1 at 04-JUL-15
channel ORA_DISK_1: finished piece 1 at 04-JUL-15
piece handle=/u01/app/oracle/flash_recovery_area/PRODUCCION/backupset/2015_07_04/o1_mf_ncsn0_TAG20150704T232100_bskd5x2b_.bkp tag=TAG20150704T232100 comment=NONE
channel ORA_DISK_1: backup set complete, elapsed time: 00:00:01
RMAN-00571: ===========================================================
RMAN-00569: =============== ERROR MESSAGE STACK FOLLOWS ===============
RMAN-00571: ===========================================================

RMAN-03009: failure of backup command on ORA_DISK_1 channel at 07/04/2015 23:21:15
ORA-19566: se ha excedido el limite de 0 bloques corruptos para el archivo /u01/app/oracle/oradata/PRODUCCION/datafile/o1_mf_system_b3lgrmx4_.dbf

RMAN> 

Recovery Manager complete.

Recovery Manager: Release 11.2.0.1.0 - Production on Sat Jul 4 23:21:18 2015

Copyright (c) 1982, 2009, Oracle and/or its affiliates.  All rights reserved.

connected to target database: PRODUCCI (DBID=3688939454)

RMAN> 
Starting backup at 04-JUL-15
using target database control file instead of recovery catalog
allocated channel: ORA_DISK_1
channel ORA_DISK_1: SID=277 device type=DISK
channel ORA_DISK_1: starting incremental level 0 datafile backup set
channel ORA_DISK_1: specifying datafile(s) in backup set
input datafile file number=00005 name=/u01/app/oracle/oradata/produccion/PAGOSIFREM_DATA.dbf
input datafile file number=00001 name=/u01/app/oracle/oradata/PRODUCCION/datafile/o1_mf_system_b3lgrmx4_.dbf
input datafile file number=00002 name=/u01/app/oracle/oradata/PRODUCCION/datafile/o1_mf_sysaux_b3lgrmxw_.dbf
input datafile file number=00003 name=/u01/app/oracle/oradata/PRODUCCION/datafile/o1_mf_undotbs1_b3lgrmy0_.dbf
input datafile file number=00004 name=/u01/app/oracle/oradata/PRODUCCION/datafile/o1_mf_users_b3lgrmym_.dbf
channel ORA_DISK_1: starting piece 1 at 04-JUL-15
RMAN-03009: failure of backup command on ORA_DISK_1 channel at 07/04/2015 23:21:34
ORA-19566: se ha excedido el limite de 0 bloques corruptos para el archivo /u01/app/oracle/oradata/PRODUCCION/datafile/o1_mf_system_b3lgrmx4_.dbf
continuing other job steps, job failed will not be re-run
channel ORA_DISK_1: starting incremental level 0 datafile backup set
channel ORA_DISK_1: specifying datafile(s) in backup set
including current control file in backup set
including current SPFILE in backup set
channel ORA_DISK_1: starting piece 1 at 04-JUL-15
channel ORA_DISK_1: finished piece 1 at 04-JUL-15
piece handle=/u01/app/oracle/flash_recovery_area/PRODUCCION/backupset/2015_07_04/o1_mf_ncsn0_TAG20150704T232119_bskd6hnb_.bkp tag=TAG20150704T232119 comment=NONE
channel ORA_DISK_1: backup set complete, elapsed time: 00:00:01
RMAN-00571: ===========================================================
RMAN-00569: =============== ERROR MESSAGE STACK FOLLOWS ===============
RMAN-00571: ===========================================================

RMAN-03009: failure of backup command on ORA_DISK_1 channel at 07/04/2015 23:21:34
ORA-19566: se ha excedido el limite de 0 bloques corruptos para el archivo /u01/app/oracle/oradata/PRODUCCION/datafile/o1_mf_system_b3lgrmx4_.dbf

RMAN> 

List of Backup Sets
===================


BS Key  Type LV Size       Device Type Elapsed Time Completion Time
------- ---- -- ---------- ----------- ------------ ---------------
1       Incr 0  9.95M      DISK        00:00:01     04-JUL-15      
        BP Key: 1   Status: AVAILABLE  Compressed: NO  Tag: TAG20150704T204701
        Piece Name: /u01/app/oracle/flash_recovery_area/PRODUCCION/backupset/2015_07_04/o1_mf_ncsn0_TAG20150704T204701_bsk35hsd_.bkp
  SPFILE Included: Modification time: 04-MAY-15
  SPFILE db_unique_name: PRODUCCION
  Control File Included: Ckp SCN: 49258443     Ckp time: 04-JUL-15

BS Key  Size       Device Type Elapsed Time Completion Time
------- ---------- ----------- ------------ ---------------
2       592.69M    DISK        00:00:03     04-JUL-15      
        BP Key: 2   Status: AVAILABLE  Compressed: NO  Tag: TAG20150704T204730
        Piece Name: /u01/app/oracle/flash_recovery_area/PRODUCCION/backupset/2015_07_04/o1_mf_annnn_TAG20150704T204730_bsk35lqh_.bkp

  List of Archived Logs in backup set 2
  Thrd Seq     Low SCN    Low Time  Next SCN   Next Time
  ---- ------- ---------- --------- ---------- ---------
  1    3481    48344461   30-JUN-15 48359103   30-JUN-15
  1    3482    48359103   30-JUN-15 48373502   30-JUN-15
  1    3483    48373502   30-JUN-15 48386553   30-JUN-15
  1    3484    48386553   30-JUN-15 48401330   30-JUN-15
  1    3485    48401330   30-JUN-15 48414508   30-JUN-15
  1    3486    48414508   30-JUN-15 48427578   30-JUN-15
  1    3487    48427578   30-JUN-15 48437359   30-JUN-15
  1    3488    48437359   30-JUN-15 48449342   30-JUN-15
  1    3489    48449342   30-JUN-15 48460954   30-JUN-15
  1    3490    48460954   30-JUN-15 48479952   30-JUN-15
  1    3491    48479952   30-JUN-15 48482641   30-JUN-15
  1    3492    48482641   30-JUN-15 48487363   30-JUN-15
  1    3493    48487363   30-JUN-15 48488575   30-JUN-15
  1    3494    48488575   30-JUN-15 48491550   30-JUN-15
  1    3495    48491550   30-JUN-15 48498767   30-JUN-15
  1    3496    48498767   30-JUN-15 48510398   01-JUL-15
  1    3497    48510398   01-JUL-15 48521202   01-JUL-15
  1    3498    48521202   01-JUL-15 48532185   01-JUL-15
  1    3499    48532185   01-JUL-15 48543416   01-JUL-15
  1    3500    48543416   01-JUL-15 48555131   01-JUL-15
  1    3501    48555131   01-JUL-15 48568340   01-JUL-15
  1    3502    48568340   01-JUL-15 48580639   01-JUL-15
  1    3503    48580639   01-JUL-15 48593091   01-JUL-15
  1    3504    48593091   01-JUL-15 48606258   01-JUL-15
  1    3505    48606258   01-JUL-15 48621513   01-JUL-15
  1    3506    48621513   01-JUL-15 48635068   01-JUL-15
  1    3507    48635068   01-JUL-15 48652802   01-JUL-15
  1    3508    48652802   01-JUL-15 48681189   01-JUL-15
  1    3509    48681189   01-JUL-15 48684502   01-JUL-15
  1    3510    48684502   01-JUL-15 48689112   01-JUL-15
  1    3511    48689112   01-JUL-15 48691910   01-JUL-15
  1    3512    48691910   01-JUL-15 48694638   01-JUL-15
  1    3513    48694638   01-JUL-15 48706403   02-JUL-15
  1    3514    48706403   02-JUL-15 48725269   02-JUL-15
  1    3515    48725269   02-JUL-15 48744187   02-JUL-15

BS Key  Size       Device Type Elapsed Time Completion Time
------- ---------- ----------- ------------ ---------------
3       591.14M    DISK        00:00:03     04-JUL-15      
        BP Key: 3   Status: AVAILABLE  Compressed: NO  Tag: TAG20150704T204730
        Piece Name: /u01/app/oracle/flash_recovery_area/PRODUCCION/backupset/2015_07_04/o1_mf_annnn_TAG20150704T204730_bsk35tjt_.bkp

  List of Archived Logs in backup set 3
  Thrd Seq     Low SCN    Low Time  Next SCN   Next Time
  ---- ------- ---------- --------- ---------- ---------
  1    3516    48744187   02-JUL-15 48763928   02-JUL-15
  1    3517    48763928   02-JUL-15 48783107   02-JUL-15
  1    3518    48783107   02-JUL-15 48800163   02-JUL-15
  1    3519    48800163   02-JUL-15 48818657   02-JUL-15
  1    3520    48818657   02-JUL-15 48836264   02-JUL-15
  1    3521    48836264   02-JUL-15 48852775   02-JUL-15
  1    3522    48852775   02-JUL-15 48870856   02-JUL-15
  1    3523    48870856   02-JUL-15 48893967   02-JUL-15
  1    3524    48893967   02-JUL-15 48896996   02-JUL-15
  1    3525    48896996   02-JUL-15 48902824   02-JUL-15
  1    3526    48902824   02-JUL-15 48905355   02-JUL-15
  1    3527    48905355   02-JUL-15 48917614   03-JUL-15
  1    3528    48917614   03-JUL-15 48937324   03-JUL-15
  1    3529    48937324   03-JUL-15 48954628   03-JUL-15
  1    3530    48954628   03-JUL-15 48973656   03-JUL-15
  1    3531    48973656   03-JUL-15 48990858   03-JUL-15
  1    3532    48990858   03-JUL-15 49009446   03-JUL-15
  1    3533    49009446   03-JUL-15 49028017   03-JUL-15
  1    3534    49028017   03-JUL-15 49046062   03-JUL-15
  1    3535    49046062   03-JUL-15 49064867   03-JUL-15
  1    3536    49064867   03-JUL-15 49085203   03-JUL-15
  1    3537    49085203   03-JUL-15 49088665   03-JUL-15
  1    3538    49088665   03-JUL-15 49093902   03-JUL-15
  1    3539    49093902   03-JUL-15 49095691   03-JUL-15
  1    3540    49095691   03-JUL-15 49109213   04-JUL-15
  1    3541    49109213   04-JUL-15 49128881   04-JUL-15
  1    3542    49128881   04-JUL-15 49155194   04-JUL-15
  1    3543    49155194   04-JUL-15 49157997   04-JUL-15
  1    3544    49157997   04-JUL-15 49170230   04-JUL-15
  1    3545    49170230   04-JUL-15 49187785   04-JUL-15
  1    3546    49187785   04-JUL-15 49205796   04-JUL-15
  1    3547    49205796   04-JUL-15 49230897   04-JUL-15
  1    3548    49230897   04-JUL-15 49253641   04-JUL-15
  1    3549    49253641   04-JUL-15 49258457   04-JUL-15

BS Key  Type LV Size       Device Type Elapsed Time Completion Time
------- ---- -- ---------- ----------- ------------ ---------------
4       Incr 0  9.95M      DISK        00:00:01     04-JUL-15      
        BP Key: 4   Status: AVAILABLE  Compressed: NO  Tag: TAG20150704T213236
        Piece Name: /u01/app/oracle/flash_recovery_area/PRODUCCION/backupset/2015_07_04/o1_mf_ncsn0_TAG20150704T213236_bsk5tnvw_.bkp
  SPFILE Included: Modification time: 04-MAY-15
  SPFILE db_unique_name: PRODUCCION
  Control File Included: Ckp SCN: 49260772     Ckp time: 04-JUL-15

BS Key  Type LV Size       Device Type Elapsed Time Completion Time
------- ---- -- ---------- ----------- ------------ ---------------
5       Incr 0  9.95M      DISK        00:00:01     04-JUL-15      
        BP Key: 5   Status: AVAILABLE  Compressed: NO  Tag: TAG20150704T213255
        Piece Name: /u01/app/oracle/flash_recovery_area/PRODUCCION/backupset/2015_07_04/o1_mf_ncsn0_TAG20150704T213255_bsk5v7h5_.bkp
  SPFILE Included: Modification time: 04-MAY-15
  SPFILE db_unique_name: PRODUCCION
  Control File Included: Ckp SCN: 49260856     Ckp time: 04-JUL-15

BS Key  Type LV Size       Device Type Elapsed Time Completion Time
------- ---- -- ---------- ----------- ------------ ---------------
6       Incr 0  9.95M      DISK        00:00:01     04-JUL-15      
        BP Key: 6   Status: AVAILABLE  Compressed: NO  Tag: TAG20150704T213913
        Piece Name: /u01/app/oracle/flash_recovery_area/PRODUCCION/backupset/2015_07_04/o1_mf_ncsn0_TAG20150704T213913_bsk671cs_.bkp
  SPFILE Included: Modification time: 04-MAY-15
  SPFILE db_unique_name: PRODUCCION
  Control File Included: Ckp SCN: 49261190     Ckp time: 04-JUL-15

BS Key  Type LV Size       Device Type Elapsed Time Completion Time
------- ---- -- ---------- ----------- ------------ ---------------
7       Incr 0  9.95M      DISK        00:00:02     04-JUL-15      
        BP Key: 7   Status: AVAILABLE  Compressed: NO  Tag: TAG20150704T213931
        Piece Name: /u01/app/oracle/flash_recovery_area/PRODUCCION/backupset/2015_07_04/o1_mf_ncsn0_TAG20150704T213931_bsk67my3_.bkp
  SPFILE Included: Modification time: 04-MAY-15
  SPFILE db_unique_name: PRODUCCION
  Control File Included: Ckp SCN: 49261279     Ckp time: 04-JUL-15

BS Key  Type LV Size       Device Type Elapsed Time Completion Time
------- ---- -- ---------- ----------- ------------ ---------------
8       Incr 0  9.95M      DISK        00:00:02     04-JUL-15      
        BP Key: 8   Status: AVAILABLE  Compressed: NO  Tag: TAG20150704T220457
        Piece Name: /u01/app/oracle/flash_recovery_area/PRODUCCION/backupset/2015_07_04/o1_mf_ncsn0_TAG20150704T220457_bsk7q9xj_.bkp
  SPFILE Included: Modification time: 04-MAY-15
  SPFILE db_unique_name: PRODUCCION
  Control File Included: Ckp SCN: 49262701     Ckp time: 04-JUL-15

BS Key  Type LV Size       Device Type Elapsed Time Completion Time
------- ---- -- ---------- ----------- ------------ ---------------
9       Incr 0  9.95M      DISK        00:00:01     04-JUL-15      
        BP Key: 9   Status: AVAILABLE  Compressed: NO  Tag: TAG20150704T220516
        Piece Name: /u01/app/oracle/flash_recovery_area/PRODUCCION/backupset/2015_07_04/o1_mf_ncsn0_TAG20150704T220516_bsk7qwj7_.bkp
  SPFILE Included: Modification time: 04-MAY-15
  SPFILE db_unique_name: PRODUCCION
  Control File Included: Ckp SCN: 49262787     Ckp time: 04-JUL-15

BS Key  Type LV Size       Device Type Elapsed Time Completion Time
------- ---- -- ---------- ----------- ------------ ---------------
10      Incr 0  9.95M      DISK        00:00:01     04-JUL-15      
        BP Key: 10   Status: AVAILABLE  Compressed: NO  Tag: TAG20150704T221031
        Piece Name: /u01/app/oracle/flash_recovery_area/PRODUCCION/backupset/2015_07_04/o1_mf_ncsn0_TAG20150704T221031_bsk81qfl_.bkp
  SPFILE Included: Modification time: 04-MAY-15
  SPFILE db_unique_name: PRODUCCION
  Control File Included: Ckp SCN: 49274827     Ckp time: 04-JUL-15

BS Key  Type LV Size       Device Type Elapsed Time Completion Time
------- ---- -- ---------- ----------- ------------ ---------------
11      Incr 0  9.95M      DISK        00:00:01     04-JUL-15      
        BP Key: 11   Status: AVAILABLE  Compressed: NO  Tag: TAG20150704T221049
        Piece Name: /u01/app/oracle/flash_recovery_area/PRODUCCION/backupset/2015_07_04/o1_mf_ncsn0_TAG20150704T221049_bsk82b0w_.bkp
  SPFILE Included: Modification time: 04-MAY-15
  SPFILE db_unique_name: PRODUCCION
  Control File Included: Ckp SCN: 49274912     Ckp time: 04-JUL-15

BS Key  Type LV Size       Device Type Elapsed Time Completion Time
------- ---- -- ---------- ----------- ------------ ---------------
12      Incr 0  9.95M      DISK        00:00:01     04-JUL-15      
        BP Key: 12   Status: AVAILABLE  Compressed: NO  Tag: TAG20150704T223008
        Piece Name: /u01/app/oracle/flash_recovery_area/PRODUCCION/backupset/2015_07_04/o1_mf_ncsn0_TAG20150704T223008_bsk96jl6_.bkp
  SPFILE Included: Modification time: 04-MAY-15
  SPFILE db_unique_name: PRODUCCION
  Control File Included: Ckp SCN: 49275770     Ckp time: 04-JUL-15

BS Key  Type LV Size       Device Type Elapsed Time Completion Time
------- ---- -- ---------- ----------- ------------ ---------------
13      Incr 0  9.95M      DISK        00:00:01     04-JUL-15      
        BP Key: 13   Status: AVAILABLE  Compressed: NO  Tag: TAG20150704T223026
        Piece Name: /u01/app/oracle/flash_recovery_area/PRODUCCION/backupset/2015_07_04/o1_mf_ncsn0_TAG20150704T223026_bsk9734t_.bkp
  SPFILE Included: Modification time: 04-MAY-15
  SPFILE db_unique_name: PRODUCCION
  Control File Included: Ckp SCN: 49275859     Ckp time: 04-JUL-15

BS Key  Type LV Size       Device Type Elapsed Time Completion Time
------- ---- -- ---------- ----------- ------------ ---------------
14      Incr 0  9.95M      DISK        00:00:01     04-JUL-15      
        BP Key: 14   Status: AVAILABLE  Compressed: NO  Tag: TAG20150704T232100
        Piece Name: /u01/app/oracle/flash_recovery_area/PRODUCCION/backupset/2015_07_04/o1_mf_ncsn0_TAG20150704T232100_bskd5x2b_.bkp
  SPFILE Included: Modification time: 04-MAY-15
  SPFILE db_unique_name: PRODUCCION
  Control File Included: Ckp SCN: 49278176     Ckp time: 04-JUL-15

BS Key  Type LV Size       Device Type Elapsed Time Completion Time
------- ---- -- ---------- ----------- ------------ ---------------
15      Incr 0  9.95M      DISK        00:00:01     04-JUL-15      
        BP Key: 15   Status: AVAILABLE  Compressed: NO  Tag: TAG20150704T232119
        Piece Name: /u01/app/oracle/flash_recovery_area/PRODUCCION/backupset/2015_07_04/o1_mf_ncsn0_TAG20150704T232119_bskd6hnb_.bkp
  SPFILE Included: Modification time: 04-MAY-15
  SPFILE db_unique_name: PRODUCCION
  Control File Included: Ckp SCN: 49278260     Ckp time: 04-JUL-15

RMAN> 

Recovery Manager complete.

JOB164 | 04/07/2015 | 23:21:37 | oracle | ORA-005 | El respaldo completo se realizó exitosamente. | Backup_0.sh | ORA-BI-05
JOB164 | 04/07/2015 | 23:21:37 | oracle | ORA-016 | Realizando la compresión del respaldo... | Backup_0.sh | ORA-BI-05
/u01/app/oracle/flash_recovery_area/PRODUCCION/backupset/2015_07_04/o1_mf_ncsn0_TAG20150704T232119_bskd6hnb_.bkp
/media/Respaldos/oracle/logs/JOB164/JOB164.properties
JOB164 | 04/07/2015 | 23:21:37 | oracle | ORA-017 | Finalizó la compresión del respaldo. | Backup_0.sh | ORA-BI-05
EXIT_CODE=0
JOB164 | 04/07/2015 | 23:21:37 | oracle | ORA-019 | Finalizó el trabajo de respaldo. | create_backup_full_oracle.sh | ORA-BF-06
