JOB131 | 29/01/2015 | 17:47:12 | oracle | ORA-028 | Realizando restauración del respaldo... | restore_backup_inc_oracle.sh | ORA-RI-01

Recovery Manager: Release 11.2.0.1.0 - Production on Thu Jan 29 17:47:12 2015

Copyright (c) 1982, 2009, Oracle and/or its affiliates.  All rights reserved.

connected to target database: PRODUCCI (DBID=3688939454)

RMAN> 
using target database control file instead of recovery catalog

List of Backup Sets
===================


BS Key  Type LV Size       Device Type Elapsed Time Completion Time
------- ---- -- ---------- ----------- ------------ ---------------
169     Incr 0  4.42G      DISK        00:00:14     13-FEB-15      
        BP Key: 169   Status: EXPIRED  Compressed: NO  Tag: TAG20150213T131004
        Piece Name: /u01/app/oracle/flash_recovery_area/PRODUCCION/backupset/2015_02_13/o1_mf_nnnd0_TAG20150213T131004_bfwm0ddf_.bkp
  List of Datafiles in backup set 169
  File LV Type Ckp SCN    Ckp Time  Name
  ---- -- ---- ---------- --------- ----
  1    0  Incr 5307631674 13-FEB-15 /u01/app/oracle/oradata/PRODUCCION/datafile/o1_mf_system_b3lgrmx4_.dbf
  2    0  Incr 5307631674 13-FEB-15 /u01/app/oracle/oradata/PRODUCCION/datafile/o1_mf_sysaux_b3lgrmxw_.dbf
  3    0  Incr 5307631674 13-FEB-15 /u01/app/oracle/oradata/PRODUCCION/datafile/o1_mf_undotbs1_b3lgrmy0_.dbf
  4    0  Incr 5307631674 13-FEB-15 /u01/app/oracle/oradata/PRODUCCION/datafile/o1_mf_users_b3lgrmym_.dbf
  5    0  Incr 5307631674 13-FEB-15 /u01/app/oracle/oradata/produccion/PAGOSIFREM_DATA.dbf

BS Key  Type LV Size       Device Type Elapsed Time Completion Time
------- ---- -- ---------- ----------- ------------ ---------------
170     Incr 0  10.95M     DISK        00:00:01     13-FEB-15      
        BP Key: 170   Status: EXPIRED  Compressed: NO  Tag: TAG20150213T131004
        Piece Name: /u01/app/oracle/flash_recovery_area/PRODUCCION/backupset/2015_02_13/o1_mf_ncsn0_TAG20150213T131004_bfwm0whd_.bkp
  SPFILE Included: Modification time: 29-JAN-15
  SPFILE db_unique_name: PRODUCCION
  Control File Included: Ckp SCN: 5307631713   Ckp time: 13-FEB-15

BS Key  Type LV Size       Device Type Elapsed Time Completion Time
------- ---- -- ---------- ----------- ------------ ---------------
171     Incr 0  4.42G      DISK        00:00:14     13-FEB-15      
        BP Key: 171   Status: AVAILABLE  Compressed: NO  Tag: TAG20150213T131022
        Piece Name: /u01/app/oracle/flash_recovery_area/PRODUCCION/backupset/2015_02_13/o1_mf_nnnd0_TAG20150213T131022_bfwm0yyx_.bkp
  List of Datafiles in backup set 171
  File LV Type Ckp SCN    Ckp Time  Name
  ---- -- ---- ---------- --------- ----
  1    0  Incr 5307631740 13-FEB-15 /u01/app/oracle/oradata/PRODUCCION/datafile/o1_mf_system_b3lgrmx4_.dbf
  2    0  Incr 5307631740 13-FEB-15 /u01/app/oracle/oradata/PRODUCCION/datafile/o1_mf_sysaux_b3lgrmxw_.dbf
  3    0  Incr 5307631740 13-FEB-15 /u01/app/oracle/oradata/PRODUCCION/datafile/o1_mf_undotbs1_b3lgrmy0_.dbf
  4    0  Incr 5307631740 13-FEB-15 /u01/app/oracle/oradata/PRODUCCION/datafile/o1_mf_users_b3lgrmym_.dbf
  5    0  Incr 5307631740 13-FEB-15 /u01/app/oracle/oradata/produccion/PAGOSIFREM_DATA.dbf

RMAN> 

Recovery Manager complete.

Recovery Manager: Release 11.2.0.1.0 - Production on Thu Jan 29 17:47:13 2015

Copyright (c) 1982, 2009, Oracle and/or its affiliates.  All rights reserved.

connected to target database: PRODUCCI (DBID=3688939454)

RMAN> 
using target database control file instead of recovery catalog
allocated channel: ORA_DISK_1
channel ORA_DISK_1: SID=305 device type=DISK
specification does not match any archived log in the repository

RMAN> 
database closed
database dismounted
Oracle instance shut down

RMAN> 
executing command: SET DBID

RMAN> 
connected to target database (not started)
Oracle instance started

Total System Global Area    6547296256 bytes

Fixed Size                     2213856 bytes
Variable Size               5167384608 bytes
Database Buffers            1342177280 bytes
Redo Buffers                  35520512 bytes

RMAN> 
Starting restore at 29-JAN-15
allocated channel: ORA_DISK_1
channel ORA_DISK_1: SID=253 device type=DISK

channel ORA_DISK_1: restoring control file
channel ORA_DISK_1: restore complete, elapsed time: 00:00:01
output file name=/u01/app/oracle/oradata/PRODUCCION/controlfile/o1_mf_b3lgtgr5_.ctl
output file name=/u01/app/oracle/flash_recovery_area/PRODUCCION/controlfile/o1_mf_b3lgtgs0_.ctl
Finished restore at 29-JAN-15

RMAN> 
database is already started
database mounted
released channel: ORA_DISK_1

RMAN> 
allocated channel: ORA_DISK_1
channel ORA_DISK_1: SID=253 device type=DISK
crosschecked backup piece: found to be 'EXPIRED'
backup piece handle=/u01/app/oracle/flash_recovery_area/PRODUCCION/backupset/2015_02_13/o1_mf_nnnd0_TAG20150213T131004_bfwm0ddf_.bkp RECID=169 STAMP=871564204
crosschecked backup piece: found to be 'EXPIRED'
backup piece handle=/u01/app/oracle/flash_recovery_area/PRODUCCION/backupset/2015_02_13/o1_mf_ncsn0_TAG20150213T131004_bfwm0whd_.bkp RECID=170 STAMP=871564220
crosschecked backup piece: found to be 'AVAILABLE'
backup piece handle=/u01/app/oracle/flash_recovery_area/PRODUCCION/backupset/2015_02_13/o1_mf_nnnd0_TAG20150213T131022_bfwm0yyx_.bkp RECID=171 STAMP=871564222
crosschecked backup piece: found to be 'AVAILABLE'
backup piece handle=/u01/app/oracle/flash_recovery_area/PRODUCCION/backupset/2015_02_13/o1_mf_ncsn0_TAG20150213T131022_bfwm1h2v_.bkp RECID=172 STAMP=871564239
crosschecked backup piece: found to be 'AVAILABLE'
backup piece handle=/u01/app/oracle/flash_recovery_area/PRODUCCION/backupset/2015_02_13/o1_mf_nnnd1_TAG20150213T135833_bfwov9fr_.bkp RECID=173 STAMP=871567113
Crosschecked 5 objects


RMAN> 
Starting restore at 29-JAN-15
using channel ORA_DISK_1

channel ORA_DISK_1: starting validation of datafile backup set
channel ORA_DISK_1: reading from backup piece /u01/app/oracle/flash_recovery_area/PRODUCCION/backupset/2015_02_13/o1_mf_nnnd0_TAG20150213T131022_bfwm0yyx_.bkp
channel ORA_DISK_1: piece handle=/u01/app/oracle/flash_recovery_area/PRODUCCION/backupset/2015_02_13/o1_mf_nnnd0_TAG20150213T131022_bfwm0yyx_.bkp tag=TAG20150213T131022
channel ORA_DISK_1: restored backup piece 1
channel ORA_DISK_1: validation complete, elapsed time: 00:00:45
Finished restore at 29-JAN-15

RMAN> 
Starting restore at 29-JAN-15
using channel ORA_DISK_1

channel ORA_DISK_1: starting datafile backup set restore
channel ORA_DISK_1: specifying datafile(s) to restore from backup set
channel ORA_DISK_1: restoring datafile 00001 to /u01/app/oracle/oradata/PRODUCCION/datafile/o1_mf_system_b3lgrmx4_.dbf
channel ORA_DISK_1: restoring datafile 00002 to /u01/app/oracle/oradata/PRODUCCION/datafile/o1_mf_sysaux_b3lgrmxw_.dbf
channel ORA_DISK_1: restoring datafile 00003 to /u01/app/oracle/oradata/PRODUCCION/datafile/o1_mf_undotbs1_b3lgrmy0_.dbf
channel ORA_DISK_1: restoring datafile 00004 to /u01/app/oracle/oradata/PRODUCCION/datafile/o1_mf_users_b3lgrmym_.dbf
channel ORA_DISK_1: restoring datafile 00005 to /u01/app/oracle/oradata/produccion/PAGOSIFREM_DATA.dbf
channel ORA_DISK_1: reading from backup piece /u01/app/oracle/flash_recovery_area/PRODUCCION/backupset/2015_02_13/o1_mf_nnnd0_TAG20150213T131022_bfwm0yyx_.bkp
channel ORA_DISK_1: piece handle=/u01/app/oracle/flash_recovery_area/PRODUCCION/backupset/2015_02_13/o1_mf_nnnd0_TAG20150213T131022_bfwm0yyx_.bkp tag=TAG20150213T131022
channel ORA_DISK_1: restored backup piece 1
channel ORA_DISK_1: restore complete, elapsed time: 00:01:15
Finished restore at 29-JAN-15

RMAN> 
Starting recover at 29-JAN-15
using channel ORA_DISK_1
channel ORA_DISK_1: starting incremental datafile backup set restore
channel ORA_DISK_1: specifying datafile(s) to restore from backup set
destination for restore of datafile 00001: /u01/app/oracle/oradata/PRODUCCION/datafile/o1_mf_system_b3lgrmx4_.dbf
destination for restore of datafile 00002: /u01/app/oracle/oradata/PRODUCCION/datafile/o1_mf_sysaux_b3lgrmxw_.dbf
destination for restore of datafile 00003: /u01/app/oracle/oradata/PRODUCCION/datafile/o1_mf_undotbs1_b3lgrmy0_.dbf
destination for restore of datafile 00004: /u01/app/oracle/oradata/PRODUCCION/datafile/o1_mf_users_b3lgrmym_.dbf
destination for restore of datafile 00005: /u01/app/oracle/oradata/produccion/PAGOSIFREM_DATA.dbf
channel ORA_DISK_1: reading from backup piece /u01/app/oracle/flash_recovery_area/PRODUCCION/backupset/2015_02_13/o1_mf_nnnd1_TAG20150213T135833_bfwov9fr_.bkp
channel ORA_DISK_1: piece handle=/u01/app/oracle/flash_recovery_area/PRODUCCION/backupset/2015_02_13/o1_mf_nnnd1_TAG20150213T135833_bfwov9fr_.bkp tag=TAG20150213T135833
channel ORA_DISK_1: restored backup piece 1
channel ORA_DISK_1: restore complete, elapsed time: 00:00:01

starting media recovery

unable to find archived log
archived log thread=1 sequence=1445
RMAN-00571: ===========================================================
RMAN-00569: =============== ERROR MESSAGE STACK FOLLOWS ===============
RMAN-00571: ===========================================================
RMAN-03002: failure of recover command at 01/29/2015 17:49:46
RMAN-06054: media recovery requesting unknown archived log for thread 1 with sequence 1445 and starting SCN of 5307636266

RMAN> 
database opened

RMAN> 

Recovery Manager complete.

JOB131 | 29/01/2015 | 17:49:52 | oracle | ORA-030 | Finalizó exitosamente la restauración del respaldo incremental. | restore_backup_inc_oracle.sh | ORA-RI-01
EXIT_CODE=0
