JOB112 | 20/11/2014 | 15:29:15 | oracle | ORA-028 | Realizando restauración del respaldo... | restore_backup_inc_oracle.sh | ORA-RI-01

Recovery Manager: Release 11.2.0.1.0 - Production on Thu Nov 20 15:29:17 2014

Copyright (c) 1982, 2009, Oracle and/or its affiliates.  All rights reserved.

connected to target database: PRODUCCI (DBID=3688939454)

RMAN> 
using target database control file instead of recovery catalog

List of Backup Sets
===================


BS Key  Type LV Size       Device Type Elapsed Time Completion Time
------- ---- -- ---------- ----------- ------------ ---------------
122     Incr 0  4.25G      DISK        00:00:14     19-NOV-14      
        BP Key: 122   Status: AVAILABLE  Compressed: NO  Tag: TAG20141119T181255
        Piece Name: /u01/app/oracle/flash_recovery_area/PRODUCCION/backupset/2014_11_19/o1_mf_nnnd0_TAG20141119T181255_b6tdj79j_.bkp
  List of Datafiles in backup set 122
  File LV Type Ckp SCN    Ckp Time  Name
  ---- -- ---- ---------- --------- ----
  1    0  Incr 5388871    19-NOV-14 /u01/app/oracle/oradata/PRODUCCION/datafile/o1_mf_system_b3lgrmx4_.dbf
  2    0  Incr 5388871    19-NOV-14 /u01/app/oracle/oradata/PRODUCCION/datafile/o1_mf_sysaux_b3lgrmxw_.dbf
  3    0  Incr 5388871    19-NOV-14 /u01/app/oracle/oradata/PRODUCCION/datafile/o1_mf_undotbs1_b3lgrmy0_.dbf
  4    0  Incr 5388871    19-NOV-14 /u01/app/oracle/oradata/PRODUCCION/datafile/o1_mf_users_b3lgrmym_.dbf
  5    0  Incr 5388871    19-NOV-14 /u01/app/oracle/oradata/produccion/PAGOSIFREM_DATA.dbf

BS Key  Type LV Size       Device Type Elapsed Time Completion Time
------- ---- -- ---------- ----------- ------------ ---------------
123     Incr 0  10.11M     DISK        00:00:01     19-NOV-14      
        BP Key: 123   Status: AVAILABLE  Compressed: NO  Tag: TAG20141119T181255
        Piece Name: /u01/app/oracle/flash_recovery_area/PRODUCCION/backupset/2014_11_19/o1_mf_ncsn0_TAG20141119T181255_b6tdjqdq_.bkp
  SPFILE Included: Modification time: 19-NOV-14
  SPFILE db_unique_name: PRODUCCION
  Control File Included: Ckp SCN: 5388878      Ckp time: 19-NOV-14

BS Key  Size       Device Type Elapsed Time Completion Time
------- ---------- ----------- ------------ ---------------
124     2.12M      DISK        00:00:00     19-NOV-14      
        BP Key: 124   Status: AVAILABLE  Compressed: NO  Tag: TAG20141119T181313
        Piece Name: /u01/app/oracle/flash_recovery_area/PRODUCCION/backupset/2014_11_19/o1_mf_annnn_TAG20141119T181313_b6tdjstw_.bkp

  List of Archived Logs in backup set 124
  Thrd Seq     Low SCN    Low Time  Next SCN   Next Time
  ---- ------- ---------- --------- ---------- ---------
  1    488     5386761    19-NOV-14 5388900    19-NOV-14

BS Key  Type LV Size       Device Type Elapsed Time Completion Time
------- ---- -- ---------- ----------- ------------ ---------------
125     Incr 1  39.10M     DISK        00:00:08     19-NOV-14      
        BP Key: 125   Status: AVAILABLE  Compressed: NO  Tag: TAG20141119T185440
        Piece Name: /u01/app/oracle/flash_recovery_area/PRODUCCION/backupset/2014_11_19/o1_mf_nnnd1_TAG20141119T185440_b6tgyjo4_.bkp
  List of Datafiles in backup set 125
  File LV Type Ckp SCN    Ckp Time  Name
  ---- -- ---- ---------- --------- ----
  1    1  Incr 5394980    19-NOV-14 /u01/app/oracle/oradata/PRODUCCION/datafile/o1_mf_system_b3lgrmx4_.dbf
  2    1  Incr 5394980    19-NOV-14 /u01/app/oracle/oradata/PRODUCCION/datafile/o1_mf_sysaux_b3lgrmxw_.dbf
  3    1  Incr 5394980    19-NOV-14 /u01/app/oracle/oradata/PRODUCCION/datafile/o1_mf_undotbs1_b3lgrmy0_.dbf
  4    1  Incr 5394980    19-NOV-14 /u01/app/oracle/oradata/PRODUCCION/datafile/o1_mf_users_b3lgrmym_.dbf
  5    1  Incr 5394980    19-NOV-14 /u01/app/oracle/oradata/produccion/PAGOSIFREM_DATA.dbf

BS Key  Type LV Size       Device Type Elapsed Time Completion Time
------- ---- -- ---------- ----------- ------------ ---------------
126     Incr 1  10.11M     DISK        00:00:01     19-NOV-14      
        BP Key: 126   Status: AVAILABLE  Compressed: NO  Tag: TAG20141119T185440
        Piece Name: /u01/app/oracle/flash_recovery_area/PRODUCCION/backupset/2014_11_19/o1_mf_ncsn1_TAG20141119T185440_b6tgz0sc_.bkp
  SPFILE Included: Modification time: 19-NOV-14
  SPFILE db_unique_name: PRODUCCION
  Control File Included: Ckp SCN: 5394985      Ckp time: 19-NOV-14

BS Key  Size       Device Type Elapsed Time Completion Time
------- ---------- ----------- ------------ ---------------
127     40.96M     DISK        00:00:00     19-NOV-14      
        BP Key: 127   Status: AVAILABLE  Compressed: NO  Tag: TAG20141119T185459
        Piece Name: /u01/app/oracle/flash_recovery_area/PRODUCCION/backupset/2014_11_19/o1_mf_annnn_TAG20141119T185459_b6tgz397_.bkp

  List of Archived Logs in backup set 127
  Thrd Seq     Low SCN    Low Time  Next SCN   Next Time
  ---- ------- ---------- --------- ---------- ---------
  1    489     5388900    19-NOV-14 5391173    19-NOV-14
  1    490     5391173    19-NOV-14 5395007    19-NOV-14

BS Key  Type LV Size       Device Type Elapsed Time Completion Time
------- ---- -- ---------- ----------- ------------ ---------------
128     Incr 1  60.30M     DISK        00:00:08     20-NOV-14      
        BP Key: 128   Status: AVAILABLE  Compressed: NO  Tag: TAG20141120T103919
        Piece Name: /u01/app/oracle/flash_recovery_area/PRODUCCION/backupset/2014_11_20/o1_mf_nnnd1_TAG20141120T103919_b6w69qf7_.bkp
  List of Datafiles in backup set 128
  File LV Type Ckp SCN    Ckp Time  Name
  ---- -- ---- ---------- --------- ----
  1    1  Incr 5457819    20-NOV-14 /u01/app/oracle/oradata/PRODUCCION/datafile/o1_mf_system_b3lgrmx4_.dbf
  2    1  Incr 5457819    20-NOV-14 /u01/app/oracle/oradata/PRODUCCION/datafile/o1_mf_sysaux_b3lgrmxw_.dbf
  3    1  Incr 5457819    20-NOV-14 /u01/app/oracle/oradata/PRODUCCION/datafile/o1_mf_undotbs1_b3lgrmy0_.dbf
  4    1  Incr 5457819    20-NOV-14 /u01/app/oracle/oradata/PRODUCCION/datafile/o1_mf_users_b3lgrmym_.dbf
  5    1  Incr 5457819    20-NOV-14 /u01/app/oracle/oradata/produccion/PAGOSIFREM_DATA.dbf

BS Key  Type LV Size       Device Type Elapsed Time Completion Time
------- ---- -- ---------- ----------- ------------ ---------------
129     Incr 1  10.11M     DISK        00:00:01     20-NOV-14      
        BP Key: 129   Status: AVAILABLE  Compressed: NO  Tag: TAG20141120T103919
        Piece Name: /u01/app/oracle/flash_recovery_area/PRODUCCION/backupset/2014_11_20/o1_mf_ncsn1_TAG20141120T103919_b6w6b7jg_.bkp
  SPFILE Included: Modification time: 19-NOV-14
  SPFILE db_unique_name: PRODUCCION
  Control File Included: Ckp SCN: 5457824      Ckp time: 20-NOV-14

BS Key  Size       Device Type Elapsed Time Completion Time
------- ---------- ----------- ------------ ---------------
130     75.51M     DISK        00:00:00     20-NOV-14      
        BP Key: 130   Status: AVAILABLE  Compressed: NO  Tag: TAG20141120T103937
        Piece Name: /u01/app/oracle/flash_recovery_area/PRODUCCION/backupset/2014_11_20/o1_mf_annnn_TAG20141120T103937_b6w6bb2g_.bkp

  List of Archived Logs in backup set 130
  Thrd Seq     Low SCN    Low Time  Next SCN   Next Time
  ---- ------- ---------- --------- ---------- ---------
  1    491     5395007    19-NOV-14 5420873    19-NOV-14
  1    492     5420873    19-NOV-14 5423749    19-NOV-14
  1    493     5423749    19-NOV-14 5430472    19-NOV-14
  1    494     5430472    19-NOV-14 5445349    20-NOV-14
  1    495     5445349    20-NOV-14 5457846    20-NOV-14

BS Key  Type LV Size       Device Type Elapsed Time Completion Time
------- ---- -- ---------- ----------- ------------ ---------------
131     Incr 1  5.08M      DISK        00:00:08     20-NOV-14      
        BP Key: 131   Status: AVAILABLE  Compressed: NO  Tag: TAG20141120T112401
        Piece Name: /u01/app/oracle/flash_recovery_area/PRODUCCION/backupset/2014_11_20/o1_mf_nnnd1_TAG20141120T112401_b6w8xk8y_.bkp
  List of Datafiles in backup set 131
  File LV Type Ckp SCN    Ckp Time  Name
  ---- -- ---- ---------- --------- ----
  1    1  Incr 5459832    20-NOV-14 /u01/app/oracle/oradata/PRODUCCION/datafile/o1_mf_system_b3lgrmx4_.dbf
  2    1  Incr 5459832    20-NOV-14 /u01/app/oracle/oradata/PRODUCCION/datafile/o1_mf_sysaux_b3lgrmxw_.dbf
  3    1  Incr 5459832    20-NOV-14 /u01/app/oracle/oradata/PRODUCCION/datafile/o1_mf_undotbs1_b3lgrmy0_.dbf
  4    1  Incr 5459832    20-NOV-14 /u01/app/oracle/oradata/PRODUCCION/datafile/o1_mf_users_b3lgrmym_.dbf
  5    1  Incr 5459832    20-NOV-14 /u01/app/oracle/oradata/produccion/PAGOSIFREM_DATA.dbf

BS Key  Type LV Size       Device Type Elapsed Time Completion Time
------- ---- -- ---------- ----------- ------------ ---------------
132     Incr 1  10.11M     DISK        00:00:01     20-NOV-14      
        BP Key: 132   Status: AVAILABLE  Compressed: NO  Tag: TAG20141120T112401
        Piece Name: /u01/app/oracle/flash_recovery_area/PRODUCCION/backupset/2014_11_20/o1_mf_ncsn1_TAG20141120T112401_b6w8y1cs_.bkp
  SPFILE Included: Modification time: 19-NOV-14
  SPFILE db_unique_name: PRODUCCION
  Control File Included: Ckp SCN: 5459837      Ckp time: 20-NOV-14

BS Key  Size       Device Type Elapsed Time Completion Time
------- ---------- ----------- ------------ ---------------
133     2.16M      DISK        00:00:00     20-NOV-14      
        BP Key: 133   Status: AVAILABLE  Compressed: NO  Tag: TAG20141120T112419
        Piece Name: /u01/app/oracle/flash_recovery_area/PRODUCCION/backupset/2014_11_20/o1_mf_annnn_TAG20141120T112419_b6w8y3wk_.bkp

  List of Archived Logs in backup set 133
  Thrd Seq     Low SCN    Low Time  Next SCN   Next Time
  ---- ------- ---------- --------- ---------- ---------
  1    496     5457846    20-NOV-14 5459864    20-NOV-14

BS Key  Type LV Size       Device Type Elapsed Time Completion Time
------- ---- -- ---------- ----------- ------------ ---------------
134     Incr 1  1.16M      DISK        00:00:08     20-NOV-14      
        BP Key: 134   Status: AVAILABLE  Compressed: NO  Tag: TAG20141120T115338
        Piece Name: /u01/app/oracle/flash_recovery_area/PRODUCCION/backupset/2014_11_20/o1_mf_nnnd1_TAG20141120T115338_b6wbo2hs_.bkp
  List of Datafiles in backup set 134
  File LV Type Ckp SCN    Ckp Time  Name
  ---- -- ---- ---------- --------- ----
  1    1  Incr 5461001    20-NOV-14 /u01/app/oracle/oradata/PRODUCCION/datafile/o1_mf_system_b3lgrmx4_.dbf
  2    1  Incr 5461001    20-NOV-14 /u01/app/oracle/oradata/PRODUCCION/datafile/o1_mf_sysaux_b3lgrmxw_.dbf
  3    1  Incr 5461001    20-NOV-14 /u01/app/oracle/oradata/PRODUCCION/datafile/o1_mf_undotbs1_b3lgrmy0_.dbf
  4    1  Incr 5461001    20-NOV-14 /u01/app/oracle/oradata/PRODUCCION/datafile/o1_mf_users_b3lgrmym_.dbf
  5    1  Incr 5461001    20-NOV-14 /u01/app/oracle/oradata/produccion/PAGOSIFREM_DATA.dbf

BS Key  Type LV Size       Device Type Elapsed Time Completion Time
------- ---- -- ---------- ----------- ------------ ---------------
135     Incr 1  10.11M     DISK        00:00:01     20-NOV-14      
        BP Key: 135   Status: AVAILABLE  Compressed: NO  Tag: TAG20141120T115338
        Piece Name: /u01/app/oracle/flash_recovery_area/PRODUCCION/backupset/2014_11_20/o1_mf_ncsn1_TAG20141120T115338_b6wbollq_.bkp
  SPFILE Included: Modification time: 19-NOV-14
  SPFILE db_unique_name: PRODUCCION
  Control File Included: Ckp SCN: 5461006      Ckp time: 20-NOV-14

BS Key  Size       Device Type Elapsed Time Completion Time
------- ---------- ----------- ------------ ---------------
136     580.50K    DISK        00:00:00     20-NOV-14      
        BP Key: 136   Status: AVAILABLE  Compressed: NO  Tag: TAG20141120T115356
        Piece Name: /u01/app/oracle/flash_recovery_area/PRODUCCION/backupset/2014_11_20/o1_mf_annnn_TAG20141120T115356_b6wboo0o_.bkp

  List of Archived Logs in backup set 136
  Thrd Seq     Low SCN    Low Time  Next SCN   Next Time
  ---- ------- ---------- --------- ---------- ---------
  1    497     5459864    20-NOV-14 5461028    20-NOV-14

BS Key  Type LV Size       Device Type Elapsed Time Completion Time
------- ---- -- ---------- ----------- ------------ ---------------
137     Incr 1  4.35M      DISK        00:00:07     20-NOV-14      
        BP Key: 137   Status: AVAILABLE  Compressed: NO  Tag: TAG20141120T121915
        Piece Name: /u01/app/oracle/flash_recovery_area/PRODUCCION/backupset/2014_11_20/o1_mf_nnnd1_TAG20141120T121915_b6wd541r_.bkp
  List of Datafiles in backup set 137
  File LV Type Ckp SCN    Ckp Time  Name
  ---- -- ---- ---------- --------- ----
  1    1  Incr 5462332    20-NOV-14 /u01/app/oracle/oradata/PRODUCCION/datafile/o1_mf_system_b3lgrmx4_.dbf
  2    1  Incr 5462332    20-NOV-14 /u01/app/oracle/oradata/PRODUCCION/datafile/o1_mf_sysaux_b3lgrmxw_.dbf
  3    1  Incr 5462332    20-NOV-14 /u01/app/oracle/oradata/PRODUCCION/datafile/o1_mf_undotbs1_b3lgrmy0_.dbf
  4    1  Incr 5462332    20-NOV-14 /u01/app/oracle/oradata/PRODUCCION/datafile/o1_mf_users_b3lgrmym_.dbf
  5    1  Incr 5462332    20-NOV-14 /u01/app/oracle/oradata/produccion/PAGOSIFREM_DATA.dbf

BS Key  Type LV Size       Device Type Elapsed Time Completion Time
------- ---- -- ---------- ----------- ------------ ---------------
138     Incr 1  10.11M     DISK        00:00:01     20-NOV-14      
        BP Key: 138   Status: AVAILABLE  Compressed: NO  Tag: TAG20141120T121915
        Piece Name: /u01/app/oracle/flash_recovery_area/PRODUCCION/backupset/2014_11_20/o1_mf_ncsn1_TAG20141120T121915_b6wd5n4k_.bkp
  SPFILE Included: Modification time: 19-NOV-14
  SPFILE db_unique_name: PRODUCCION
  Control File Included: Ckp SCN: 5462354      Ckp time: 20-NOV-14

BS Key  Size       Device Type Elapsed Time Completion Time
------- ---------- ----------- ------------ ---------------
139     1.82M      DISK        00:00:00     20-NOV-14      
        BP Key: 139   Status: AVAILABLE  Compressed: NO  Tag: TAG20141120T121934
        Piece Name: /u01/app/oracle/flash_recovery_area/PRODUCCION/backupset/2014_11_20/o1_mf_annnn_TAG20141120T121934_b6wd5pk7_.bkp

  List of Archived Logs in backup set 139
  Thrd Seq     Low SCN    Low Time  Next SCN   Next Time
  ---- ------- ---------- --------- ---------- ---------
  1    498     5461028    20-NOV-14 5462375    20-NOV-14

BS Key  Type LV Size       Device Type Elapsed Time Completion Time
------- ---- -- ---------- ----------- ------------ ---------------
140     Incr 1  1.23M      DISK        00:00:08     20-NOV-14      
        BP Key: 140   Status: AVAILABLE  Compressed: NO  Tag: TAG20141120T125346
        Piece Name: /u01/app/oracle/flash_recovery_area/PRODUCCION/backupset/2014_11_20/o1_mf_nnnd1_TAG20141120T125346_b6wg5tkv_.bkp
  List of Datafiles in backup set 140
  File LV Type Ckp SCN    Ckp Time  Name
  ---- -- ---- ---------- --------- ----
  1    1  Incr 5463651    20-NOV-14 /u01/app/oracle/oradata/PRODUCCION/datafile/o1_mf_system_b3lgrmx4_.dbf
  2    1  Incr 5463651    20-NOV-14 /u01/app/oracle/oradata/PRODUCCION/datafile/o1_mf_sysaux_b3lgrmxw_.dbf
  3    1  Incr 5463651    20-NOV-14 /u01/app/oracle/oradata/PRODUCCION/datafile/o1_mf_undotbs1_b3lgrmy0_.dbf
  4    1  Incr 5463651    20-NOV-14 /u01/app/oracle/oradata/PRODUCCION/datafile/o1_mf_users_b3lgrmym_.dbf
  5    1  Incr 5463651    20-NOV-14 /u01/app/oracle/oradata/produccion/PAGOSIFREM_DATA.dbf

RMAN> 

Recovery Manager complete.

Recovery Manager: Release 11.2.0.1.0 - Production on Thu Nov 20 15:29:21 2014

Copyright (c) 1982, 2009, Oracle and/or its affiliates.  All rights reserved.

connected to target database: PRODUCCI (DBID=3688939454)

RMAN> 
using target database control file instead of recovery catalog
allocated channel: ORA_DISK_1
channel ORA_DISK_1: SID=356 device type=DISK
specification does not match any archived log in the repository

RMAN> 
database closed
database dismounted
Oracle instance shut down

RMAN> 
executing command: SET DBID

RMAN> 
connected to target database (not started)
Oracle instance started

Total System Global Area    6547296256 bytes

Fixed Size                     2213856 bytes
Variable Size               3825207328 bytes
Database Buffers            2684354560 bytes
Redo Buffers                  35520512 bytes

RMAN> 
Starting restore at 20-NOV-14
allocated channel: ORA_DISK_1
channel ORA_DISK_1: SID=253 device type=DISK

channel ORA_DISK_1: restoring control file
channel ORA_DISK_1: restore complete, elapsed time: 00:00:01
output file name=/u01/app/oracle/oradata/PRODUCCION/controlfile/o1_mf_b3lgtgr5_.ctl
output file name=/u01/app/oracle/flash_recovery_area/PRODUCCION/controlfile/o1_mf_b3lgtgs0_.ctl
Finished restore at 20-NOV-14

RMAN> 
database is already started
database mounted
released channel: ORA_DISK_1

RMAN> 
allocated channel: ORA_DISK_1
channel ORA_DISK_1: SID=253 device type=DISK
crosschecked backup piece: found to be 'AVAILABLE'
backup piece handle=/u01/app/oracle/flash_recovery_area/PRODUCCION/backupset/2014_11_19/o1_mf_nnnd0_TAG20141119T181255_b6tdj79j_.bkp RECID=122 STAMP=864065575
crosschecked backup piece: found to be 'AVAILABLE'
backup piece handle=/u01/app/oracle/flash_recovery_area/PRODUCCION/backupset/2014_11_19/o1_mf_ncsn0_TAG20141119T181255_b6tdjqdq_.bkp RECID=123 STAMP=864065591
crosschecked backup piece: found to be 'AVAILABLE'
backup piece handle=/u01/app/oracle/flash_recovery_area/PRODUCCION/backupset/2014_11_19/o1_mf_annnn_TAG20141119T181313_b6tdjstw_.bkp RECID=124 STAMP=864065593
crosschecked backup piece: found to be 'AVAILABLE'
backup piece handle=/u01/app/oracle/flash_recovery_area/PRODUCCION/backupset/2014_11_19/o1_mf_nnnd1_TAG20141119T185440_b6tgyjo4_.bkp RECID=125 STAMP=864068080
crosschecked backup piece: found to be 'AVAILABLE'
backup piece handle=/u01/app/oracle/flash_recovery_area/PRODUCCION/backupset/2014_11_19/o1_mf_ncsn1_TAG20141119T185440_b6tgz0sc_.bkp RECID=126 STAMP=864068096
crosschecked backup piece: found to be 'AVAILABLE'
backup piece handle=/u01/app/oracle/flash_recovery_area/PRODUCCION/backupset/2014_11_19/o1_mf_annnn_TAG20141119T185459_b6tgz397_.bkp RECID=127 STAMP=864068099
crosschecked backup piece: found to be 'AVAILABLE'
backup piece handle=/u01/app/oracle/flash_recovery_area/PRODUCCION/backupset/2014_11_20/o1_mf_nnnd1_TAG20141120T103919_b6w69qf7_.bkp RECID=128 STAMP=864124759
crosschecked backup piece: found to be 'AVAILABLE'
backup piece handle=/u01/app/oracle/flash_recovery_area/PRODUCCION/backupset/2014_11_20/o1_mf_ncsn1_TAG20141120T103919_b6w6b7jg_.bkp RECID=129 STAMP=864124775
crosschecked backup piece: found to be 'AVAILABLE'
backup piece handle=/u01/app/oracle/flash_recovery_area/PRODUCCION/backupset/2014_11_20/o1_mf_annnn_TAG20141120T103937_b6w6bb2g_.bkp RECID=130 STAMP=864124778
crosschecked backup piece: found to be 'AVAILABLE'
backup piece handle=/u01/app/oracle/flash_recovery_area/PRODUCCION/backupset/2014_11_20/o1_mf_nnnd1_TAG20141120T112401_b6w8xk8y_.bkp RECID=131 STAMP=864127441
crosschecked backup piece: found to be 'AVAILABLE'
backup piece handle=/u01/app/oracle/flash_recovery_area/PRODUCCION/backupset/2014_11_20/o1_mf_ncsn1_TAG20141120T112401_b6w8y1cs_.bkp RECID=132 STAMP=864127457
crosschecked backup piece: found to be 'AVAILABLE'
backup piece handle=/u01/app/oracle/flash_recovery_area/PRODUCCION/backupset/2014_11_20/o1_mf_annnn_TAG20141120T112419_b6w8y3wk_.bkp RECID=133 STAMP=864127459
crosschecked backup piece: found to be 'AVAILABLE'
backup piece handle=/u01/app/oracle/flash_recovery_area/PRODUCCION/backupset/2014_11_20/o1_mf_nnnd1_TAG20141120T115338_b6wbo2hs_.bkp RECID=134 STAMP=864129218
crosschecked backup piece: found to be 'AVAILABLE'
backup piece handle=/u01/app/oracle/flash_recovery_area/PRODUCCION/backupset/2014_11_20/o1_mf_ncsn1_TAG20141120T115338_b6wbollq_.bkp RECID=135 STAMP=864129234
crosschecked backup piece: found to be 'AVAILABLE'
backup piece handle=/u01/app/oracle/flash_recovery_area/PRODUCCION/backupset/2014_11_20/o1_mf_annnn_TAG20141120T115356_b6wboo0o_.bkp RECID=136 STAMP=864129237
crosschecked backup piece: found to be 'AVAILABLE'
backup piece handle=/u01/app/oracle/flash_recovery_area/PRODUCCION/backupset/2014_11_20/o1_mf_nnnd1_TAG20141120T121915_b6wd541r_.bkp RECID=137 STAMP=864130756
crosschecked backup piece: found to be 'AVAILABLE'
backup piece handle=/u01/app/oracle/flash_recovery_area/PRODUCCION/backupset/2014_11_20/o1_mf_ncsn1_TAG20141120T121915_b6wd5n4k_.bkp RECID=138 STAMP=864130772
crosschecked backup piece: found to be 'AVAILABLE'
backup piece handle=/u01/app/oracle/flash_recovery_area/PRODUCCION/backupset/2014_11_20/o1_mf_annnn_TAG20141120T121934_b6wd5pk7_.bkp RECID=139 STAMP=864130774
crosschecked backup piece: found to be 'AVAILABLE'
backup piece handle=/u01/app/oracle/flash_recovery_area/PRODUCCION/backupset/2014_11_20/o1_mf_nnnd1_TAG20141120T125346_b6wg5tkv_.bkp RECID=140 STAMP=864132826
crosschecked backup piece: found to be 'AVAILABLE'
backup piece handle=/u01/app/oracle/flash_recovery_area/PRODUCCION/backupset/2014_11_20/o1_mf_ncsn1_TAG20141120T125346_b6wg6bnr_.bkp RECID=141 STAMP=864132842
crosschecked backup piece: found to be 'AVAILABLE'
backup piece handle=/u01/app/oracle/flash_recovery_area/PRODUCCION/backupset/2014_11_20/o1_mf_annnn_TAG20141120T125405_b6wg6f39_.bkp RECID=142 STAMP=864132845
crosschecked backup piece: found to be 'AVAILABLE'
backup piece handle=/u01/app/oracle/flash_recovery_area/PRODUCCION/backupset/2014_11_20/o1_mf_nnnd1_TAG20141120T150559_b6woxr04_.bkp RECID=143 STAMP=864140759
Crosschecked 22 objects


RMAN> 
Starting restore at 20-NOV-14
using channel ORA_DISK_1

channel ORA_DISK_1: starting validation of datafile backup set
channel ORA_DISK_1: reading from backup piece /u01/app/oracle/flash_recovery_area/PRODUCCION/backupset/2014_11_19/o1_mf_nnnd0_TAG20141119T181255_b6tdj79j_.bkp
channel ORA_DISK_1: piece handle=/u01/app/oracle/flash_recovery_area/PRODUCCION/backupset/2014_11_19/o1_mf_nnnd0_TAG20141119T181255_b6tdj79j_.bkp tag=TAG20141119T181255
channel ORA_DISK_1: restored backup piece 1
channel ORA_DISK_1: validation complete, elapsed time: 00:01:55
Finished restore at 20-NOV-14

RMAN> 
Starting restore at 20-NOV-14
using channel ORA_DISK_1

channel ORA_DISK_1: starting datafile backup set restore
channel ORA_DISK_1: specifying datafile(s) to restore from backup set
channel ORA_DISK_1: restoring datafile 00001 to /u01/app/oracle/oradata/PRODUCCION/datafile/o1_mf_system_b3lgrmx4_.dbf
channel ORA_DISK_1: restoring datafile 00002 to /u01/app/oracle/oradata/PRODUCCION/datafile/o1_mf_sysaux_b3lgrmxw_.dbf
channel ORA_DISK_1: restoring datafile 00003 to /u01/app/oracle/oradata/PRODUCCION/datafile/o1_mf_undotbs1_b3lgrmy0_.dbf
channel ORA_DISK_1: restoring datafile 00004 to /u01/app/oracle/oradata/PRODUCCION/datafile/o1_mf_users_b3lgrmym_.dbf
channel ORA_DISK_1: restoring datafile 00005 to /u01/app/oracle/oradata/produccion/PAGOSIFREM_DATA.dbf
channel ORA_DISK_1: reading from backup piece /u01/app/oracle/flash_recovery_area/PRODUCCION/backupset/2014_11_19/o1_mf_nnnd0_TAG20141119T181255_b6tdj79j_.bkp
channel ORA_DISK_1: piece handle=/u01/app/oracle/flash_recovery_area/PRODUCCION/backupset/2014_11_19/o1_mf_nnnd0_TAG20141119T181255_b6tdj79j_.bkp tag=TAG20141119T181255
channel ORA_DISK_1: restored backup piece 1
channel ORA_DISK_1: restore complete, elapsed time: 00:01:15
Finished restore at 20-NOV-14

RMAN> 
Starting recover at 20-NOV-14
using channel ORA_DISK_1
channel ORA_DISK_1: starting incremental datafile backup set restore
channel ORA_DISK_1: specifying datafile(s) to restore from backup set
destination for restore of datafile 00001: /u01/app/oracle/oradata/PRODUCCION/datafile/o1_mf_system_b3lgrmx4_.dbf
destination for restore of datafile 00002: /u01/app/oracle/oradata/PRODUCCION/datafile/o1_mf_sysaux_b3lgrmxw_.dbf
destination for restore of datafile 00003: /u01/app/oracle/oradata/PRODUCCION/datafile/o1_mf_undotbs1_b3lgrmy0_.dbf
destination for restore of datafile 00004: /u01/app/oracle/oradata/PRODUCCION/datafile/o1_mf_users_b3lgrmym_.dbf
destination for restore of datafile 00005: /u01/app/oracle/oradata/produccion/PAGOSIFREM_DATA.dbf
channel ORA_DISK_1: reading from backup piece /u01/app/oracle/flash_recovery_area/PRODUCCION/backupset/2014_11_19/o1_mf_nnnd1_TAG20141119T185440_b6tgyjo4_.bkp
channel ORA_DISK_1: piece handle=/u01/app/oracle/flash_recovery_area/PRODUCCION/backupset/2014_11_19/o1_mf_nnnd1_TAG20141119T185440_b6tgyjo4_.bkp tag=TAG20141119T185440
channel ORA_DISK_1: restored backup piece 1
channel ORA_DISK_1: restore complete, elapsed time: 00:00:03
channel ORA_DISK_1: starting incremental datafile backup set restore
channel ORA_DISK_1: specifying datafile(s) to restore from backup set
destination for restore of datafile 00001: /u01/app/oracle/oradata/PRODUCCION/datafile/o1_mf_system_b3lgrmx4_.dbf
destination for restore of datafile 00002: /u01/app/oracle/oradata/PRODUCCION/datafile/o1_mf_sysaux_b3lgrmxw_.dbf
destination for restore of datafile 00003: /u01/app/oracle/oradata/PRODUCCION/datafile/o1_mf_undotbs1_b3lgrmy0_.dbf
destination for restore of datafile 00004: /u01/app/oracle/oradata/PRODUCCION/datafile/o1_mf_users_b3lgrmym_.dbf
destination for restore of datafile 00005: /u01/app/oracle/oradata/produccion/PAGOSIFREM_DATA.dbf
channel ORA_DISK_1: reading from backup piece /u01/app/oracle/flash_recovery_area/PRODUCCION/backupset/2014_11_20/o1_mf_nnnd1_TAG20141120T103919_b6w69qf7_.bkp
channel ORA_DISK_1: piece handle=/u01/app/oracle/flash_recovery_area/PRODUCCION/backupset/2014_11_20/o1_mf_nnnd1_TAG20141120T103919_b6w69qf7_.bkp tag=TAG20141120T103919
channel ORA_DISK_1: restored backup piece 1
channel ORA_DISK_1: restore complete, elapsed time: 00:00:07
channel ORA_DISK_1: starting incremental datafile backup set restore
channel ORA_DISK_1: specifying datafile(s) to restore from backup set
destination for restore of datafile 00001: /u01/app/oracle/oradata/PRODUCCION/datafile/o1_mf_system_b3lgrmx4_.dbf
destination for restore of datafile 00002: /u01/app/oracle/oradata/PRODUCCION/datafile/o1_mf_sysaux_b3lgrmxw_.dbf
destination for restore of datafile 00003: /u01/app/oracle/oradata/PRODUCCION/datafile/o1_mf_undotbs1_b3lgrmy0_.dbf
destination for restore of datafile 00004: /u01/app/oracle/oradata/PRODUCCION/datafile/o1_mf_users_b3lgrmym_.dbf
destination for restore of datafile 00005: /u01/app/oracle/oradata/produccion/PAGOSIFREM_DATA.dbf
channel ORA_DISK_1: reading from backup piece /u01/app/oracle/flash_recovery_area/PRODUCCION/backupset/2014_11_20/o1_mf_nnnd1_TAG20141120T112401_b6w8xk8y_.bkp
channel ORA_DISK_1: piece handle=/u01/app/oracle/flash_recovery_area/PRODUCCION/backupset/2014_11_20/o1_mf_nnnd1_TAG20141120T112401_b6w8xk8y_.bkp tag=TAG20141120T112401
channel ORA_DISK_1: restored backup piece 1
channel ORA_DISK_1: restore complete, elapsed time: 00:00:01
channel ORA_DISK_1: starting incremental datafile backup set restore
channel ORA_DISK_1: specifying datafile(s) to restore from backup set
destination for restore of datafile 00001: /u01/app/oracle/oradata/PRODUCCION/datafile/o1_mf_system_b3lgrmx4_.dbf
destination for restore of datafile 00002: /u01/app/oracle/oradata/PRODUCCION/datafile/o1_mf_sysaux_b3lgrmxw_.dbf
destination for restore of datafile 00003: /u01/app/oracle/oradata/PRODUCCION/datafile/o1_mf_undotbs1_b3lgrmy0_.dbf
destination for restore of datafile 00004: /u01/app/oracle/oradata/PRODUCCION/datafile/o1_mf_users_b3lgrmym_.dbf
destination for restore of datafile 00005: /u01/app/oracle/oradata/produccion/PAGOSIFREM_DATA.dbf
channel ORA_DISK_1: reading from backup piece /u01/app/oracle/flash_recovery_area/PRODUCCION/backupset/2014_11_20/o1_mf_nnnd1_TAG20141120T115338_b6wbo2hs_.bkp
channel ORA_DISK_1: piece handle=/u01/app/oracle/flash_recovery_area/PRODUCCION/backupset/2014_11_20/o1_mf_nnnd1_TAG20141120T115338_b6wbo2hs_.bkp tag=TAG20141120T115338
channel ORA_DISK_1: restored backup piece 1
channel ORA_DISK_1: restore complete, elapsed time: 00:00:01
channel ORA_DISK_1: starting incremental datafile backup set restore
channel ORA_DISK_1: specifying datafile(s) to restore from backup set
destination for restore of datafile 00001: /u01/app/oracle/oradata/PRODUCCION/datafile/o1_mf_system_b3lgrmx4_.dbf
destination for restore of datafile 00002: /u01/app/oracle/oradata/PRODUCCION/datafile/o1_mf_sysaux_b3lgrmxw_.dbf
destination for restore of datafile 00003: /u01/app/oracle/oradata/PRODUCCION/datafile/o1_mf_undotbs1_b3lgrmy0_.dbf
destination for restore of datafile 00004: /u01/app/oracle/oradata/PRODUCCION/datafile/o1_mf_users_b3lgrmym_.dbf
destination for restore of datafile 00005: /u01/app/oracle/oradata/produccion/PAGOSIFREM_DATA.dbf
channel ORA_DISK_1: reading from backup piece /u01/app/oracle/flash_recovery_area/PRODUCCION/backupset/2014_11_20/o1_mf_nnnd1_TAG20141120T121915_b6wd541r_.bkp
channel ORA_DISK_1: piece handle=/u01/app/oracle/flash_recovery_area/PRODUCCION/backupset/2014_11_20/o1_mf_nnnd1_TAG20141120T121915_b6wd541r_.bkp tag=TAG20141120T121915
channel ORA_DISK_1: restored backup piece 1
channel ORA_DISK_1: restore complete, elapsed time: 00:00:01
channel ORA_DISK_1: starting incremental datafile backup set restore
channel ORA_DISK_1: specifying datafile(s) to restore from backup set
destination for restore of datafile 00001: /u01/app/oracle/oradata/PRODUCCION/datafile/o1_mf_system_b3lgrmx4_.dbf
destination for restore of datafile 00002: /u01/app/oracle/oradata/PRODUCCION/datafile/o1_mf_sysaux_b3lgrmxw_.dbf
destination for restore of datafile 00003: /u01/app/oracle/oradata/PRODUCCION/datafile/o1_mf_undotbs1_b3lgrmy0_.dbf
destination for restore of datafile 00004: /u01/app/oracle/oradata/PRODUCCION/datafile/o1_mf_users_b3lgrmym_.dbf
destination for restore of datafile 00005: /u01/app/oracle/oradata/produccion/PAGOSIFREM_DATA.dbf
channel ORA_DISK_1: reading from backup piece /u01/app/oracle/flash_recovery_area/PRODUCCION/backupset/2014_11_20/o1_mf_nnnd1_TAG20141120T125346_b6wg5tkv_.bkp
channel ORA_DISK_1: piece handle=/u01/app/oracle/flash_recovery_area/PRODUCCION/backupset/2014_11_20/o1_mf_nnnd1_TAG20141120T125346_b6wg5tkv_.bkp tag=TAG20141120T125346
channel ORA_DISK_1: restored backup piece 1
channel ORA_DISK_1: restore complete, elapsed time: 00:00:01
channel ORA_DISK_1: starting incremental datafile backup set restore
channel ORA_DISK_1: specifying datafile(s) to restore from backup set
destination for restore of datafile 00001: /u01/app/oracle/oradata/PRODUCCION/datafile/o1_mf_system_b3lgrmx4_.dbf
destination for restore of datafile 00002: /u01/app/oracle/oradata/PRODUCCION/datafile/o1_mf_sysaux_b3lgrmxw_.dbf
destination for restore of datafile 00003: /u01/app/oracle/oradata/PRODUCCION/datafile/o1_mf_undotbs1_b3lgrmy0_.dbf
destination for restore of datafile 00004: /u01/app/oracle/oradata/PRODUCCION/datafile/o1_mf_users_b3lgrmym_.dbf
destination for restore of datafile 00005: /u01/app/oracle/oradata/produccion/PAGOSIFREM_DATA.dbf
channel ORA_DISK_1: reading from backup piece /u01/app/oracle/flash_recovery_area/PRODUCCION/backupset/2014_11_20/o1_mf_nnnd1_TAG20141120T150559_b6woxr04_.bkp
channel ORA_DISK_1: piece handle=/u01/app/oracle/flash_recovery_area/PRODUCCION/backupset/2014_11_20/o1_mf_nnnd1_TAG20141120T150559_b6woxr04_.bkp tag=TAG20141120T150559
channel ORA_DISK_1: restored backup piece 1
channel ORA_DISK_1: restore complete, elapsed time: 00:01:05

starting media recovery

unable to find archived log
archived log thread=1 sequence=580
RMAN-00571: ===========================================================
RMAN-00569: =============== ERROR MESSAGE STACK FOLLOWS ===============
RMAN-00571: ===========================================================
RMAN-03002: failure of recover command at 11/20/2014 15:34:20
RMAN-06054: media recovery requesting unknown archived log for thread 1 with sequence 580 and starting SCN of 5584184

RMAN> 
database opened

RMAN> 

Recovery Manager complete.

JOB112 | 20/11/2014 | 15:34:26 | oracle | ORA-030 | Finalizó exitosamente la restauración del respaldo incremental. | restore_backup_inc_oracle.sh | ORA-RI-01
EXIT_CODE=0
