JOB102 | 19/11/2014 | 18:42:27 | oracle | ORA-028 | Realizando restauraci贸n del respaldo... | restore_backup_full_oracle.sh | ORA-RF-01

Recovery Manager: Release 11.2.0.1.0 - Production on Wed Nov 19 18:42:28 2014

Copyright (c) 1982, 2009, Oracle and/or its affiliates.  All rights reserved.

connected to target database: PRODUCCI (DBID=3688939454)

RMAN> 
using target database control file instead of recovery catalog
specification does not match any backup in the repository

RMAN> 

Recovery Manager complete.

Recovery Manager: Release 11.2.0.1.0 - Production on Wed Nov 19 18:42:32 2014

Copyright (c) 1982, 2009, Oracle and/or its affiliates.  All rights reserved.

connected to target database: PRODUCCI (DBID=3688939454)

RMAN> 
using target database control file instead of recovery catalog
allocated channel: ORA_DISK_1
channel ORA_DISK_1: SID=356 device type=DISK
List of Archived Log Copies for database with db_unique_name PRODUCCION
=====================================================================

Key     Thrd Seq     S Low Time 
------- ---- ------- - ---------
491     1    1       A 19-NOV-14
        Name: /u01/app/oracle/product/11.2.0/dbhome_1/dbs/arch1_1_864063038.dbf

deleted archived log
archived log file name=/u01/app/oracle/product/11.2.0/dbhome_1/dbs/arch1_1_864063038.dbf RECID=491 STAMP=864066458
Deleted 1 objects


RMAN> 
database closed
database dismounted
Oracle instance shut down

RMAN> 
executing command: SET DBID

RMAN> 
connected to target database (not started)
Oracle instance started

Total System Global Area    6547296256 bytes

Fixed Size                     2213856 bytes
Variable Size               3825207328 bytes
Database Buffers            2684354560 bytes
Redo Buffers                  35520512 bytes

RMAN> 
Starting restore at 19-NOV-14
allocated channel: ORA_DISK_1
channel ORA_DISK_1: SID=253 device type=DISK

channel ORA_DISK_1: restoring control file
channel ORA_DISK_1: restore complete, elapsed time: 00:00:01
output file name=/u01/app/oracle/oradata/PRODUCCION/controlfile/o1_mf_b3lgtgr5_.ctl
output file name=/u01/app/oracle/flash_recovery_area/PRODUCCION/controlfile/o1_mf_b3lgtgs0_.ctl
Finished restore at 19-NOV-14

RMAN> 
database is already started
database mounted
released channel: ORA_DISK_1

RMAN> 
allocated channel: ORA_DISK_1
channel ORA_DISK_1: SID=253 device type=DISK
crosschecked backup piece: found to be 'AVAILABLE'
backup piece handle=/u01/app/oracle/flash_recovery_area/PRODUCCION/backupset/2014_11_19/o1_mf_nnnd0_TAG20141119T181255_b6tdj79j_.bkp RECID=122 STAMP=864065575
Crosschecked 1 objects


RMAN> 
Starting restore at 19-NOV-14
using channel ORA_DISK_1

channel ORA_DISK_1: starting validation of datafile backup set
channel ORA_DISK_1: reading from backup piece /u01/app/oracle/flash_recovery_area/PRODUCCION/backupset/2014_11_19/o1_mf_nnnd0_TAG20141119T181255_b6tdj79j_.bkp
channel ORA_DISK_1: piece handle=/u01/app/oracle/flash_recovery_area/PRODUCCION/backupset/2014_11_19/o1_mf_nnnd0_TAG20141119T181255_b6tdj79j_.bkp tag=TAG20141119T181255
channel ORA_DISK_1: restored backup piece 1
channel ORA_DISK_1: validation complete, elapsed time: 00:01:35
Finished restore at 19-NOV-14

RMAN> 
Starting restore at 19-NOV-14
using channel ORA_DISK_1

channel ORA_DISK_1: starting datafile backup set restore
channel ORA_DISK_1: specifying datafile(s) to restore from backup set
channel ORA_DISK_1: restoring datafile 00001 to /u01/app/oracle/oradata/PRODUCCION/datafile/o1_mf_system_b3lgrmx4_.dbf
channel ORA_DISK_1: restoring datafile 00002 to /u01/app/oracle/oradata/PRODUCCION/datafile/o1_mf_sysaux_b3lgrmxw_.dbf
channel ORA_DISK_1: restoring datafile 00003 to /u01/app/oracle/oradata/PRODUCCION/datafile/o1_mf_undotbs1_b3lgrmy0_.dbf
channel ORA_DISK_1: restoring datafile 00004 to /u01/app/oracle/oradata/PRODUCCION/datafile/o1_mf_users_b3lgrmym_.dbf
channel ORA_DISK_1: restoring datafile 00005 to /u01/app/oracle/oradata/produccion/PAGOSIFREM_DATA.dbf
channel ORA_DISK_1: reading from backup piece /u01/app/oracle/flash_recovery_area/PRODUCCION/backupset/2014_11_19/o1_mf_nnnd0_TAG20141119T181255_b6tdj79j_.bkp
channel ORA_DISK_1: piece handle=/u01/app/oracle/flash_recovery_area/PRODUCCION/backupset/2014_11_19/o1_mf_nnnd0_TAG20141119T181255_b6tdj79j_.bkp tag=TAG20141119T181255
channel ORA_DISK_1: restored backup piece 1
channel ORA_DISK_1: restore complete, elapsed time: 00:01:15
Finished restore at 19-NOV-14

RMAN> 
Starting recover at 19-NOV-14
using channel ORA_DISK_1

starting media recovery

unable to find archived log
archived log thread=1 sequence=488
RMAN-00571: ===========================================================
RMAN-00569: =============== ERROR MESSAGE STACK FOLLOWS ===============
RMAN-00571: ===========================================================
RMAN-03002: failure of recover command at 11/19/2014 18:45:50
RMAN-06054: media recovery requesting unknown archived log for thread 1 with sequence 488 and starting SCN of 5388871

RMAN> 
database opened

RMAN> 

Recovery Manager complete.
JOB102 | 19/11/2014 | 18:45:57 | oracle | ORA-025 | Finaliz贸 exitosamente la restauraci贸n del respaldo completo. | restore_backup_full_oracle.sh | ORA-RF-01
JOB102 | 19/11/2014 | 18:45:57 | oracle | ORA-000 | Se complet贸 exitosamente el proceso. |
